  Lab_2_20.03.2020.cpp
D:\Программирование\C++\Проекты\Lab_2_20.03.2020\Lab_2_20.03.2020.cpp(56,1): error C4996: 'scanf': This function or variable may be unsafe. Consider using scanf_s instead. To disable deprecation, use _CRT_SECURE_NO_WARNINGS. See online help for details.
C:\Program Files (x86)\Windows Kits\10\Include\10.0.18362.0\ucrt\stdio.h(1274): message : см. объявление "scanf"
D:\Программирование\C++\Проекты\Lab_2_20.03.2020\Lab_2_20.03.2020.cpp(77,22): error C2065: FL_NO_MATTER: необъявленный идентификатор
D:\Программирование\C++\Проекты\Lab_2_20.03.2020\Lab_2_20.03.2020.cpp(80,22): error C2065: HDD: необъявленный идентификатор
D:\Программирование\C++\Проекты\Lab_2_20.03.2020\Lab_2_20.03.2020.cpp(83,22): error C2065: SSD: необъявленный идентификатор
D:\Программирование\C++\Проекты\Lab_2_20.03.2020\Lab_2_20.03.2020.cpp(86,22): error C2065: DISK: необъявленный идентификатор
D:\Программирование\C++\Проекты\Lab_2_20.03.2020\Lab_2_20.03.2020.cpp(89,22): error C2065: USB_FLASH: необъявленный идентификатор
D:\Программирование\C++\Проекты\Lab_2_20.03.2020\Lab_2_20.03.2020.cpp(109,1): error C4996: 'scanf': This function or variable may be unsafe. Consider using scanf_s instead. To disable deprecation, use _CRT_SECURE_NO_WARNINGS. See online help for details.
C:\Program Files (x86)\Windows Kits\10\Include\10.0.18362.0\ucrt\stdio.h(1274): message : см. объявление "scanf"
D:\Программирование\C++\Проекты\Lab_2_20.03.2020\Lab_2_20.03.2020.cpp(119,8): error C2059: синтаксическая ошибка: )
D:\Программирование\C++\Проекты\Lab_2_20.03.2020\Lab_2_20.03.2020.cpp(119,61): error C2143: синтаксическая ошибка: отсутствие ";" перед "{"
D:\Программирование\C++\Проекты\Lab_2_20.03.2020\Lab_2_20.03.2020.cpp(135,10): error C2065: HDD: необъявленный идентификатор
D:\Программирование\C++\Проекты\Lab_2_20.03.2020\Lab_2_20.03.2020.cpp(135,10): error C2131: выражение не определяется константой
D:\Программирование\C++\Проекты\Lab_2_20.03.2020\Lab_2_20.03.2020.cpp(135,10): message : обнаружено неконстантное (под)выражение
D:\Программирование\C++\Проекты\Lab_2_20.03.2020\Lab_2_20.03.2020.cpp(139,10): error C2065: SSD: необъявленный идентификатор
D:\Программирование\C++\Проекты\Lab_2_20.03.2020\Lab_2_20.03.2020.cpp(139,10): error C2131: выражение не определяется константой
D:\Программирование\C++\Проекты\Lab_2_20.03.2020\Lab_2_20.03.2020.cpp(139,10): message : обнаружено неконстантное (под)выражение
D:\Программирование\C++\Проекты\Lab_2_20.03.2020\Lab_2_20.03.2020.cpp(143,10): error C2065: DISK: необъявленный идентификатор
D:\Программирование\C++\Проекты\Lab_2_20.03.2020\Lab_2_20.03.2020.cpp(143,10): error C2131: выражение не определяется константой
D:\Программирование\C++\Проекты\Lab_2_20.03.2020\Lab_2_20.03.2020.cpp(143,10): message : обнаружено неконстантное (под)выражение
D:\Программирование\C++\Проекты\Lab_2_20.03.2020\Lab_2_20.03.2020.cpp(147,10): error C2065: USB_FLASH: необъявленный идентификатор
D:\Программирование\C++\Проекты\Lab_2_20.03.2020\Lab_2_20.03.2020.cpp(147,10): error C2131: выражение не определяется константой
D:\Программирование\C++\Проекты\Lab_2_20.03.2020\Lab_2_20.03.2020.cpp(147,10): message : обнаружено неконстантное (под)выражение
D:\Программирование\C++\Проекты\Lab_2_20.03.2020\Lab_2_20.03.2020.cpp(135,1): error C2051: значение выражения для варианта выбора не является константой
D:\Программирование\C++\Проекты\Lab_2_20.03.2020\Lab_2_20.03.2020.cpp(139,1): error C2051: значение выражения для варианта выбора не является константой
D:\Программирование\C++\Проекты\Lab_2_20.03.2020\Lab_2_20.03.2020.cpp(143,1): error C2051: значение выражения для варианта выбора не является константой
D:\Программирование\C++\Проекты\Lab_2_20.03.2020\Lab_2_20.03.2020.cpp(147,1): error C2051: значение выражения для варианта выбора не является константой
D:\Программирование\C++\Проекты\Lab_2_20.03.2020\Lab_2_20.03.2020.cpp(151,5): warning C4060: оператор switch не содержит метку "case" или "default"
D:\Программирование\C++\Проекты\Lab_2_20.03.2020\Lab_2_20.03.2020.cpp(168,1): error C4996: 'scanf': This function or variable may be unsafe. Consider using scanf_s instead. To disable deprecation, use _CRT_SECURE_NO_WARNINGS. See online help for details.
C:\Program Files (x86)\Windows Kits\10\Include\10.0.18362.0\ucrt\stdio.h(1274): message : см. объявление "scanf"
D:\Программирование\C++\Проекты\Lab_2_20.03.2020\Lab_2_20.03.2020.cpp(220,32): error C2039: name: не является членом "Storage"
D:\Программирование\C++\Проекты\Lab_2_20.03.2020\Storage.h(30): message : см. объявление "Storage"
D:\Программирование\C++\Проекты\Lab_2_20.03.2020\Lab_2_20.03.2020.cpp(220,12): warning C4473: "printf": передано недостаточно аргументов для строки формата
D:\Программирование\C++\Проекты\Lab_2_20.03.2020\Lab_2_20.03.2020.cpp(220,12): message : заполнители и их параметры ожидают переменное число аргументов в количестве 1, но было предоставлено 0
D:\Программирование\C++\Проекты\Lab_2_20.03.2020\Lab_2_20.03.2020.cpp(220,12): message : отсутствующий вариативный аргумент "1" требуется для строки форматирования "%-8s"
D:\Программирование\C++\Проекты\Lab_2_20.03.2020\Lab_2_20.03.2020.cpp(221,34): error C2039: author: не является членом "Storage"
D:\Программирование\C++\Проекты\Lab_2_20.03.2020\Storage.h(30): message : см. объявление "Storage"
D:\Программирование\C++\Проекты\Lab_2_20.03.2020\Lab_2_20.03.2020.cpp(221,12): warning C4473: "printf": передано недостаточно аргументов для строки формата
D:\Программирование\C++\Проекты\Lab_2_20.03.2020\Lab_2_20.03.2020.cpp(221,12): message : заполнители и их параметры ожидают переменное число аргументов в количестве 1, но было предоставлено 0
D:\Программирование\C++\Проекты\Lab_2_20.03.2020\Lab_2_20.03.2020.cpp(221,12): message : отсутствующий вариативный аргумент "1" требуется для строки форматирования "%-8s"
D:\Программирование\C++\Проекты\Lab_2_20.03.2020\Lab_2_20.03.2020.cpp(224,10): error C2065: HDD: необъявленный идентификатор
D:\Программирование\C++\Проекты\Lab_2_20.03.2020\Lab_2_20.03.2020.cpp(224,10): error C2131: выражение не определяется константой
D:\Программирование\C++\Проекты\Lab_2_20.03.2020\Lab_2_20.03.2020.cpp(224,10): message : обнаружено неконстантное (под)выражение
D:\Программирование\C++\Проекты\Lab_2_20.03.2020\Lab_2_20.03.2020.cpp(225,10): error C2065: SSD: необъявленный идентификатор
D:\Программирование\C++\Проекты\Lab_2_20.03.2020\Lab_2_20.03.2020.cpp(225,10): error C2131: выражение не определяется константой
D:\Программирование\C++\Проекты\Lab_2_20.03.2020\Lab_2_20.03.2020.cpp(225,10): message : обнаружено неконстантное (под)выражение
D:\Программирование\C++\Проекты\Lab_2_20.03.2020\Lab_2_20.03.2020.cpp(226,10): error C2065: DISK: необъявленный идентификатор
D:\Программирование\C++\Проекты\Lab_2_20.03.2020\Lab_2_20.03.2020.cpp(226,10): error C2131: выражение не определяется константой
D:\Программирование\C++\Проекты\Lab_2_20.03.2020\Lab_2_20.03.2020.cpp(226,10): message : обнаружено неконстантное (под)выражение
D:\Программирование\C++\Проекты\Lab_2_20.03.2020\Lab_2_20.03.2020.cpp(227,10): error C2065: USB_FLASH: необъявленный идентификатор
D:\Программирование\C++\Проекты\Lab_2_20.03.2020\Lab_2_20.03.2020.cpp(227,10): error C2131: выражение не определяется константой
D:\Программирование\C++\Проекты\Lab_2_20.03.2020\Lab_2_20.03.2020.cpp(227,10): message : обнаружено неконстантное (под)выражение
D:\Программирование\C++\Проекты\Lab_2_20.03.2020\Lab_2_20.03.2020.cpp(229,37): error C2039: capacity: не является членом "Storage"
D:\Программирование\C++\Проекты\Lab_2_20.03.2020\Storage.h(30): message : см. объявление "Storage"
D:\Программирование\C++\Проекты\Lab_2_20.03.2020\Lab_2_20.03.2020.cpp(229,12): warning C4473: "printf": передано недостаточно аргументов для строки формата
D:\Программирование\C++\Проекты\Lab_2_20.03.2020\Lab_2_20.03.2020.cpp(229,12): message : заполнители и их параметры ожидают переменное число аргументов в количестве 1, но было предоставлено 0
D:\Программирование\C++\Проекты\Lab_2_20.03.2020\Lab_2_20.03.2020.cpp(229,12): message : отсутствующий вариативный аргумент "1" требуется для строки форматирования "%.2f"
D:\Программирование\C++\Проекты\Lab_2_20.03.2020\Lab_2_20.03.2020.cpp(232,10): error C2065: DISK: необъявленный идентификатор
D:\Программирование\C++\Проекты\Lab_2_20.03.2020\Lab_2_20.03.2020.cpp(232,10): error C2131: выражение не определяется константой
D:\Программирование\C++\Проекты\Lab_2_20.03.2020\Lab_2_20.03.2020.cpp(232,10): message : обнаружено неконстантное (под)выражение
D:\Программирование\C++\Проекты\Lab_2_20.03.2020\Lab_2_20.03.2020.cpp(233,16): error C2039: disk: не является членом "Storage"
D:\Программирование\C++\Проекты\Lab_2_20.03.2020\Storage.h(30): message : см. объявление "Storage"
D:\Программирование\C++\Проекты\Lab_2_20.03.2020\Lab_2_20.03.2020.cpp(234,14): error C2065: CD: необъявленный идентификатор
D:\Программирование\C++\Проекты\Lab_2_20.03.2020\Lab_2_20.03.2020.cpp(234,14): error C2131: выражение не определяется константой
D:\Программирование\C++\Проекты\Lab_2_20.03.2020\Lab_2_20.03.2020.cpp(234,14): message : обнаружено неконстантное (под)выражение
D:\Программирование\C++\Проекты\Lab_2_20.03.2020\Lab_2_20.03.2020.cpp(235,14): error C2065: DVD: необъявленный идентификатор
D:\Программирование\C++\Проекты\Lab_2_20.03.2020\Lab_2_20.03.2020.cpp(235,14): error C2131: выражение не определяется константой
D:\Программирование\C++\Проекты\Lab_2_20.03.2020\Lab_2_20.03.2020.cpp(235,14): message : обнаружено неконстантное (под)выражение
D:\Программирование\C++\Проекты\Lab_2_20.03.2020\Lab_2_20.03.2020.cpp(237,16): error C2039: disk: не является членом "Storage"
D:\Программирование\C++\Проекты\Lab_2_20.03.2020\Storage.h(30): message : см. объявление "Storage"
D:\Программирование\C++\Проекты\Lab_2_20.03.2020\Lab_2_20.03.2020.cpp(238,14): error C2065: R: необъявленный идентификатор
D:\Программирование\C++\Проекты\Lab_2_20.03.2020\Lab_2_20.03.2020.cpp(238,14): error C2131: выражение не определяется константой
D:\Программирование\C++\Проекты\Lab_2_20.03.2020\Lab_2_20.03.2020.cpp(238,14): message : обнаружено неконстантное (под)выражение
D:\Программирование\C++\Проекты\Lab_2_20.03.2020\Lab_2_20.03.2020.cpp(239,14): error C2065: RW: необъявленный идентификатор
D:\Программирование\C++\Проекты\Lab_2_20.03.2020\Lab_2_20.03.2020.cpp(239,14): error C2131: выражение не определяется константой
D:\Программирование\C++\Проекты\Lab_2_20.03.2020\Lab_2_20.03.2020.cpp(239,14): message : обнаружено неконстантное (под)выражение
D:\Программирование\C++\Проекты\Lab_2_20.03.2020\Lab_2_20.03.2020.cpp(240,14): error C2065: ROM: необъявленный идентификатор
D:\Программирование\C++\Проекты\Lab_2_20.03.2020\Lab_2_20.03.2020.cpp(240,14): error C2131: выражение не определяется константой
D:\Программирование\C++\Проекты\Lab_2_20.03.2020\Lab_2_20.03.2020.cpp(240,14): message : обнаружено неконстантное (под)выражение
D:\Программирование\C++\Проекты\Lab_2_20.03.2020\Lab_2_20.03.2020.cpp(242,35): error C2039: disk: не является членом "Storage"
D:\Программирование\C++\Проекты\Lab_2_20.03.2020\Storage.h(30): message : см. объявление "Storage"
D:\Программирование\C++\Проекты\Lab_2_20.03.2020\Lab_2_20.03.2020.cpp(242,16): warning C4473: "printf": передано недостаточно аргументов для строки формата
D:\Программирование\C++\Проекты\Lab_2_20.03.2020\Lab_2_20.03.2020.cpp(242,16): message : заполнители и их параметры ожидают переменное число аргументов в количестве 1, но было предоставлено 0
D:\Программирование\C++\Проекты\Lab_2_20.03.2020\Lab_2_20.03.2020.cpp(242,16): message : отсутствующий вариативный аргумент "1" требуется для строки форматирования "%d"
D:\Программирование\C++\Проекты\Lab_2_20.03.2020\Lab_2_20.03.2020.cpp(243,35): error C2039: disk: не является членом "Storage"
D:\Программирование\C++\Проекты\Lab_2_20.03.2020\Storage.h(30): message : см. объявление "Storage"
D:\Программирование\C++\Проекты\Lab_2_20.03.2020\Lab_2_20.03.2020.cpp(243,16): warning C4473: "printf": передано недостаточно аргументов для строки формата
D:\Программирование\C++\Проекты\Lab_2_20.03.2020\Lab_2_20.03.2020.cpp(243,16): message : заполнители и их параметры ожидают переменное число аргументов в количестве 1, но было предоставлено 0
D:\Программирование\C++\Проекты\Lab_2_20.03.2020\Lab_2_20.03.2020.cpp(243,16): message : отсутствующий вариативный аргумент "1" требуется для строки форматирования "%d"
D:\Программирование\C++\Проекты\Lab_2_20.03.2020\Lab_2_20.03.2020.cpp(246,10): error C2065: HDD: необъявленный идентификатор
D:\Программирование\C++\Проекты\Lab_2_20.03.2020\Lab_2_20.03.2020.cpp(246,10): error C2131: выражение не определяется константой
D:\Программирование\C++\Проекты\Lab_2_20.03.2020\Lab_2_20.03.2020.cpp(246,10): message : обнаружено неконстантное (под)выражение
D:\Программирование\C++\Проекты\Lab_2_20.03.2020\Lab_2_20.03.2020.cpp(248,16): error C2039: hdd: не является членом "Storage"
D:\Программирование\C++\Проекты\Lab_2_20.03.2020\Storage.h(30): message : см. объявление "Storage"
D:\Программирование\C++\Проекты\Lab_2_20.03.2020\Lab_2_20.03.2020.cpp(249,14): error C2065: IDE: необъявленный идентификатор
D:\Программирование\C++\Проекты\Lab_2_20.03.2020\Lab_2_20.03.2020.cpp(249,14): error C2131: выражение не определяется константой
D:\Программирование\C++\Проекты\Lab_2_20.03.2020\Lab_2_20.03.2020.cpp(249,14): message : обнаружено неконстантное (под)выражение
D:\Программирование\C++\Проекты\Lab_2_20.03.2020\Lab_2_20.03.2020.cpp(250,14): error C2065: SAS: необъявленный идентификатор
D:\Программирование\C++\Проекты\Lab_2_20.03.2020\Lab_2_20.03.2020.cpp(250,14): error C2131: выражение не определяется константой
D:\Программирование\C++\Проекты\Lab_2_20.03.2020\Lab_2_20.03.2020.cpp(250,14): message : обнаружено неконстантное (под)выражение
D:\Программирование\C++\Проекты\Lab_2_20.03.2020\Lab_2_20.03.2020.cpp(251,14): error C2065: SATA_HDD: необъявленный идентификатор
D:\Программирование\C++\Проекты\Lab_2_20.03.2020\Lab_2_20.03.2020.cpp(251,14): error C2131: выражение не определяется константой
D:\Программирование\C++\Проекты\Lab_2_20.03.2020\Lab_2_20.03.2020.cpp(251,14): message : обнаружено неконстантное (под)выражение
D:\Программирование\C++\Проекты\Lab_2_20.03.2020\Lab_2_20.03.2020.cpp(252,14): error C2065: SCSI: необъявленный идентификатор
D:\Программирование\C++\Проекты\Lab_2_20.03.2020\Lab_2_20.03.2020.cpp(252,14): error C2131: выражение не определяется константой
D:\Программирование\C++\Проекты\Lab_2_20.03.2020\Lab_2_20.03.2020.cpp(252,14): message : обнаружено неконстантное (под)выражение
D:\Программирование\C++\Проекты\Lab_2_20.03.2020\Lab_2_20.03.2020.cpp(254,36): error C2039: hdd: не является членом "Storage"
D:\Программирование\C++\Проекты\Lab_2_20.03.2020\Storage.h(30): message : см. объявление "Storage"
D:\Программирование\C++\Проекты\Lab_2_20.03.2020\Lab_2_20.03.2020.cpp(254,16): warning C4473: "printf": передано недостаточно аргументов для строки формата
D:\Программирование\C++\Проекты\Lab_2_20.03.2020\Lab_2_20.03.2020.cpp(254,16): message : заполнители и их параметры ожидают переменное число аргументов в количестве 1, но было предоставлено 0
D:\Программирование\C++\Проекты\Lab_2_20.03.2020\Lab_2_20.03.2020.cpp(254,16): message : отсутствующий вариативный аргумент "1" требуется для строки форматирования "%.2f"
D:\Программирование\C++\Проекты\Lab_2_20.03.2020\Lab_2_20.03.2020.cpp(255,34): error C2039: hdd: не является членом "Storage"
D:\Программирование\C++\Проекты\Lab_2_20.03.2020\Storage.h(30): message : см. объявление "Storage"
D:\Программирование\C++\Проекты\Lab_2_20.03.2020\Lab_2_20.03.2020.cpp(255,16): warning C4473: "printf": передано недостаточно аргументов для строки формата
D:\Программирование\C++\Проекты\Lab_2_20.03.2020\Lab_2_20.03.2020.cpp(255,16): message : заполнители и их параметры ожидают переменное число аргументов в количестве 1, но было предоставлено 0
D:\Программирование\C++\Проекты\Lab_2_20.03.2020\Lab_2_20.03.2020.cpp(255,16): message : отсутствующий вариативный аргумент "1" требуется для строки форматирования "%d"
D:\Программирование\C++\Проекты\Lab_2_20.03.2020\Lab_2_20.03.2020.cpp(258,10): error C2065: SSD: необъявленный идентификатор
D:\Программирование\C++\Проекты\Lab_2_20.03.2020\Lab_2_20.03.2020.cpp(258,10): error C2131: выражение не определяется константой
D:\Программирование\C++\Проекты\Lab_2_20.03.2020\Lab_2_20.03.2020.cpp(258,10): message : обнаружено неконстантное (под)выражение
D:\Программирование\C++\Проекты\Lab_2_20.03.2020\Lab_2_20.03.2020.cpp(260,16): error C2039: ssd: не является членом "Storage"
D:\Программирование\C++\Проекты\Lab_2_20.03.2020\Storage.h(30): message : см. объявление "Storage"
D:\Программирование\C++\Проекты\Lab_2_20.03.2020\Lab_2_20.03.2020.cpp(261,14): error C2065: M_2: необъявленный идентификатор
D:\Программирование\C++\Проекты\Lab_2_20.03.2020\Lab_2_20.03.2020.cpp(261,14): error C2131: выражение не определяется константой
D:\Программирование\C++\Проекты\Lab_2_20.03.2020\Lab_2_20.03.2020.cpp(261,14): message : обнаружено неконстантное (под)выражение
D:\Программирование\C++\Проекты\Lab_2_20.03.2020\Lab_2_20.03.2020.cpp(262,14): error C2065: PCIE: необъявленный идентификатор
D:\Программирование\C++\Проекты\Lab_2_20.03.2020\Lab_2_20.03.2020.cpp(262,14): error C2131: выражение не определяется константой
D:\Программирование\C++\Проекты\Lab_2_20.03.2020\Lab_2_20.03.2020.cpp(262,14): message : обнаружено неконстантное (под)выражение
D:\Программирование\C++\Проекты\Lab_2_20.03.2020\Lab_2_20.03.2020.cpp(263,14): error C2065: SATA_SSD: необъявленный идентификатор
D:\Программирование\C++\Проекты\Lab_2_20.03.2020\Lab_2_20.03.2020.cpp(263,14): error C2131: выражение не определяется константой
D:\Программирование\C++\Проекты\Lab_2_20.03.2020\Lab_2_20.03.2020.cpp(263,14): message : обнаружено неконстантное (под)выражение
D:\Программирование\C++\Проекты\Lab_2_20.03.2020\Lab_2_20.03.2020.cpp(265,34): error C2039: ssd: не является членом "Storage"
D:\Программирование\C++\Проекты\Lab_2_20.03.2020\Storage.h(30): message : см. объявление "Storage"
D:\Программирование\C++\Проекты\Lab_2_20.03.2020\Lab_2_20.03.2020.cpp(265,16): warning C4473: "printf": передано недостаточно аргументов для строки формата
D:\Программирование\C++\Проекты\Lab_2_20.03.2020\Lab_2_20.03.2020.cpp(265,16): message : заполнители и их параметры ожидают переменное число аргументов в количестве 1, но было предоставлено 0
D:\Программирование\C++\Проекты\Lab_2_20.03.2020\Lab_2_20.03.2020.cpp(265,16): message : отсутствующий вариативный аргумент "1" требуется для строки форматирования "%d"
D:\Программирование\C++\Проекты\Lab_2_20.03.2020\Lab_2_20.03.2020.cpp(268,10): error C2065: USB_FLASH: необъявленный идентификатор
D:\Программирование\C++\Проекты\Lab_2_20.03.2020\Lab_2_20.03.2020.cpp(268,10): error C2131: выражение не определяется константой
D:\Программирование\C++\Проекты\Lab_2_20.03.2020\Lab_2_20.03.2020.cpp(268,10): message : обнаружено неконстантное (под)выражение
D:\Программирование\C++\Проекты\Lab_2_20.03.2020\Lab_2_20.03.2020.cpp(270,42): error C2039: usb_flash: не является членом "Storage"
D:\Программирование\C++\Проекты\Lab_2_20.03.2020\Storage.h(30): message : см. объявление "Storage"
D:\Программирование\C++\Проекты\Lab_2_20.03.2020\Lab_2_20.03.2020.cpp(270,16): warning C4473: "printf": передано недостаточно аргументов для строки формата
D:\Программирование\C++\Проекты\Lab_2_20.03.2020\Lab_2_20.03.2020.cpp(270,16): message : заполнители и их параметры ожидают переменное число аргументов в количестве 1, но было предоставлено 0
D:\Программирование\C++\Проекты\Lab_2_20.03.2020\Lab_2_20.03.2020.cpp(270,16): message : отсутствующий вариативный аргумент "1" требуется для строки форматирования "%.1f"
D:\Программирование\C++\Проекты\Lab_2_20.03.2020\Lab_2_20.03.2020.cpp(271,40): error C2039: usb_flash: не является членом "Storage"
D:\Программирование\C++\Проекты\Lab_2_20.03.2020\Storage.h(30): message : см. объявление "Storage"
D:\Программирование\C++\Проекты\Lab_2_20.03.2020\Lab_2_20.03.2020.cpp(271,16): warning C4473: "printf": передано недостаточно аргументов для строки формата
D:\Программирование\C++\Проекты\Lab_2_20.03.2020\Lab_2_20.03.2020.cpp(271,16): message : заполнители и их параметры ожидают переменное число аргументов в количестве 1, но было предоставлено 0
D:\Программирование\C++\Проекты\Lab_2_20.03.2020\Lab_2_20.03.2020.cpp(271,16): message : отсутствующий вариативный аргумент "1" требуется для строки форматирования "%d"
D:\Программирование\C++\Проекты\Lab_2_20.03.2020\Lab_2_20.03.2020.cpp(272,40): error C2039: usb_flash: не является членом "Storage"
D:\Программирование\C++\Проекты\Lab_2_20.03.2020\Storage.h(30): message : см. объявление "Storage"
D:\Программирование\C++\Проекты\Lab_2_20.03.2020\Lab_2_20.03.2020.cpp(272,16): warning C4473: "printf": передано недостаточно аргументов для строки формата
D:\Программирование\C++\Проекты\Lab_2_20.03.2020\Lab_2_20.03.2020.cpp(272,16): message : заполнители и их параметры ожидают переменное число аргументов в количестве 1, но было предоставлено 0
D:\Программирование\C++\Проекты\Lab_2_20.03.2020\Lab_2_20.03.2020.cpp(272,16): message : отсутствующий вариативный аргумент "1" требуется для строки форматирования "%d"
D:\Программирование\C++\Проекты\Lab_2_20.03.2020\Lab_2_20.03.2020.cpp(224,1): error C2051: значение выражения для варианта выбора не является константой
D:\Программирование\C++\Проекты\Lab_2_20.03.2020\Lab_2_20.03.2020.cpp(225,1): error C2051: значение выражения для варианта выбора не является константой
D:\Программирование\C++\Проекты\Lab_2_20.03.2020\Lab_2_20.03.2020.cpp(226,1): error C2051: значение выражения для варианта выбора не является константой
D:\Программирование\C++\Проекты\Lab_2_20.03.2020\Lab_2_20.03.2020.cpp(227,1): error C2051: значение выражения для варианта выбора не является константой
D:\Программирование\C++\Проекты\Lab_2_20.03.2020\Lab_2_20.03.2020.cpp(228,5): warning C4060: оператор switch не содержит метку "case" или "default"
D:\Программирование\C++\Проекты\Lab_2_20.03.2020\Lab_2_20.03.2020.cpp(232,1): error C2051: значение выражения для варианта выбора не является константой
D:\Программирование\C++\Проекты\Lab_2_20.03.2020\Lab_2_20.03.2020.cpp(246,1): error C2051: значение выражения для варианта выбора не является константой
D:\Программирование\C++\Проекты\Lab_2_20.03.2020\Lab_2_20.03.2020.cpp(258,1): error C2051: значение выражения для варианта выбора не является константой
D:\Программирование\C++\Проекты\Lab_2_20.03.2020\Lab_2_20.03.2020.cpp(268,1): error C2051: значение выражения для варианта выбора не является константой
D:\Программирование\C++\Проекты\Lab_2_20.03.2020\Lab_2_20.03.2020.cpp(274,5): warning C4060: оператор switch не содержит метку "case" или "default"
D:\Программирование\C++\Проекты\Lab_2_20.03.2020\Lab_2_20.03.2020.cpp(288,1): error C4996: 'scanf': This function or variable may be unsafe. Consider using scanf_s instead. To disable deprecation, use _CRT_SECURE_NO_WARNINGS. See online help for details.
C:\Program Files (x86)\Windows Kits\10\Include\10.0.18362.0\ucrt\stdio.h(1274): message : см. объявление "scanf"
D:\Программирование\C++\Проекты\Lab_2_20.03.2020\Lab_2_20.03.2020.cpp(321,14): error C2065: HDD: необъявленный идентификатор
D:\Программирование\C++\Проекты\Lab_2_20.03.2020\Lab_2_20.03.2020.cpp(321,14): error C2131: выражение не определяется константой
D:\Программирование\C++\Проекты\Lab_2_20.03.2020\Lab_2_20.03.2020.cpp(321,14): message : обнаружено неконстантное (под)выражение
D:\Программирование\C++\Проекты\Lab_2_20.03.2020\Lab_2_20.03.2020.cpp(326,14): error C2065: SSD: необъявленный идентификатор
D:\Программирование\C++\Проекты\Lab_2_20.03.2020\Lab_2_20.03.2020.cpp(326,14): error C2131: выражение не определяется константой
D:\Программирование\C++\Проекты\Lab_2_20.03.2020\Lab_2_20.03.2020.cpp(326,14): message : обнаружено неконстантное (под)выражение
D:\Программирование\C++\Проекты\Lab_2_20.03.2020\Lab_2_20.03.2020.cpp(330,14): error C2065: DISK: необъявленный идентификатор
D:\Программирование\C++\Проекты\Lab_2_20.03.2020\Lab_2_20.03.2020.cpp(330,14): error C2131: выражение не определяется константой
D:\Программирование\C++\Проекты\Lab_2_20.03.2020\Lab_2_20.03.2020.cpp(330,14): message : обнаружено неконстантное (под)выражение
D:\Программирование\C++\Проекты\Lab_2_20.03.2020\Lab_2_20.03.2020.cpp(336,14): error C2065: USB_FLASH: необъявленный идентификатор
D:\Программирование\C++\Проекты\Lab_2_20.03.2020\Lab_2_20.03.2020.cpp(336,14): error C2131: выражение не определяется константой
D:\Программирование\C++\Проекты\Lab_2_20.03.2020\Lab_2_20.03.2020.cpp(336,14): message : обнаружено неконстантное (под)выражение
D:\Программирование\C++\Проекты\Lab_2_20.03.2020\Lab_2_20.03.2020.cpp(346,30): error C2065: HDD: необъявленный идентификатор
D:\Программирование\C++\Проекты\Lab_2_20.03.2020\Lab_2_20.03.2020.cpp(347,30): error C2065: DISK: необъявленный идентификатор
D:\Программирование\C++\Проекты\Lab_2_20.03.2020\Lab_2_20.03.2020.cpp(348,30): error C2065: USB_FLASH: необъявленный идентификатор
D:\Программирование\C++\Проекты\Lab_2_20.03.2020\Lab_2_20.03.2020.cpp(321,1): error C2051: значение выражения для варианта выбора не является константой
D:\Программирование\C++\Проекты\Lab_2_20.03.2020\Lab_2_20.03.2020.cpp(326,1): error C2051: значение выражения для варианта выбора не является константой
D:\Программирование\C++\Проекты\Lab_2_20.03.2020\Lab_2_20.03.2020.cpp(330,1): error C2051: значение выражения для варианта выбора не является константой
D:\Программирование\C++\Проекты\Lab_2_20.03.2020\Lab_2_20.03.2020.cpp(336,1): error C2051: значение выражения для варианта выбора не является константой
D:\Программирование\C++\Проекты\Lab_2_20.03.2020\Lab_2_20.03.2020.cpp(341,9): warning C4060: оператор switch не содержит метку "case" или "default"
D:\Программирование\C++\Проекты\Lab_2_20.03.2020\Lab_2_20.03.2020.cpp(357,10): error C2065: HDD: необъявленный идентификатор
D:\Программирование\C++\Проекты\Lab_2_20.03.2020\Lab_2_20.03.2020.cpp(357,10): error C2131: выражение не определяется константой
D:\Программирование\C++\Проекты\Lab_2_20.03.2020\Lab_2_20.03.2020.cpp(357,10): message : обнаружено неконстантное (под)выражение
D:\Программирование\C++\Проекты\Lab_2_20.03.2020\Lab_2_20.03.2020.cpp(360,10): error C2065: SSD: необъявленный идентификатор
D:\Программирование\C++\Проекты\Lab_2_20.03.2020\Lab_2_20.03.2020.cpp(360,10): error C2131: выражение не определяется константой
D:\Программирование\C++\Проекты\Lab_2_20.03.2020\Lab_2_20.03.2020.cpp(360,13): fatal error C1003: число ошибок превышает 100; остановка компиляции
  cmp.cpp
  input.cpp
  Создание кода...
